#
# There is insufficient memory for the Java Runtime Environment to continue.
# Native memory allocation (mmap) failed to map 268435456 bytes for G1 virtual space
# Possible reasons:
#   The system is out of physical RAM or swap space
#   The process is running with CompressedOops enabled, and the Java Heap may be blocking the growth of the native heap
# Possible solutions:
#   Reduce memory load on the system
#   Increase physical memory or swap space
#   Check if swap backing store is full
#   Decrease Java heap size (-Xmx/-Xms)
#   Decrease number of Java threads
#   Decrease Java thread stack sizes (-Xss)
#   Set larger code cache with -XX:ReservedCodeCacheSize=
#   JVM is running with Zero Based Compressed Oops mode in which the Java heap is
#     placed in the first 32GB address space. The Java Heap base address is the
#     maximum limit for the native heap growth. Please use -XX:HeapBaseMinAddress
#     to set the Java Heap base and to place the Java Heap above 32GB virtual address.
# This output file may be truncated or incomplete.
#
#  Out of Memory Error (os_windows.cpp:3466), pid=20964, tid=29464
#
# JRE version:  (16.0.1+9) (build )
# Java VM: OpenJDK 64-Bit Server VM (16.0.1+9-24, mixed mode, sharing, tiered, compressed oops, compressed class ptrs, g1 gc, windows-amd64)
# No core dump will be written. Minidumps are not enabled by default on client versions of Windows
#

---------------  S U M M A R Y ------------

Command Line: -ea -Dfile.encoding=Cp1252 -XX:+ShowCodeDetailsInExceptionMessages org.testng.remote.RemoteTestNG -serport 56864 -protocol json -d C:\Users\Zixiang\eclipse-workspace\HelloWorld\Assessment_1\test-output C:\Users\Zixiang\AppData\Local\Temp\testng-eclipse--2001317104\testng-customsuite.xml

Host: Intel(R) Core(TM) i7-7600U CPU @ 2.80GHz, 4 cores, 15G,  Windows 10 , 64 bit Build 19041 (10.0.19041.1202)
Time: Sun Sep 26 15:23:05 2021 Malay Peninsula Standard Time elapsed time: 0.023565 seconds (0d 0h 0m 0s)

---------------  T H R E A D  ---------------

Current thread (0x000001cd20ded370):  JavaThread "Unknown thread" [_thread_in_vm, id=29464, stack(0x000000cbdfa00000,0x000000cbdfb00000)]

Stack: [0x000000cbdfa00000,0x000000cbdfb00000]
Native frames: (J=compiled Java code, j=interpreted, Vv=VM code, C=native code)
V  [jvm.dll+0x6687ca]
V  [jvm.dll+0x7ca3c9]
V  [jvm.dll+0x7cbb53]
V  [jvm.dll+0x7cc1b3]
V  [jvm.dll+0x242ea5]
V  [jvm.dll+0x665589]
V  [jvm.dll+0x65a175]
V  [jvm.dll+0x2fc5ab]
V  [jvm.dll+0x3037a6]
V  [jvm.dll+0x352fee]
V  [jvm.dll+0x35321f]
V  [jvm.dll+0x2d3618]
V  [jvm.dll+0x2d4854]
V  [jvm.dll+0x79ccb1]
V  [jvm.dll+0x360de1]
V  [jvm.dll+0x77a990]
V  [jvm.dll+0x3e55af]
V  [jvm.dll+0x3e7081]
C  [jli.dll+0x52fb]
C  [ucrtbase.dll+0x21bb2]
C  [KERNEL32.DLL+0x17034]
C  [ntdll.dll+0x52651]


---------------  P R O C E S S  ---------------

Threads class SMR info:
_java_thread_list=0x00007ffec87ccbb8, length=0, elements={
}

Java Threads: ( => current thread )

Other Threads:
  0x000001cd2301a0b0 GCTaskThread "GC Thread#0" [stack: 0x000000cbdfb00000,0x000000cbdfc00000] [id=11156]
  0x000001cd2302bf10 ConcurrentGCThread "G1 Main Marker" [stack: 0x000000cbdfc00000,0x000000cbdfd00000] [id=27368]
  0x000001cd2302d120 ConcurrentGCThread "G1 Conc#0" [stack: 0x000000cbdfd00000,0x000000cbdfe00000] [id=16400]

[error occurred during error reporting (printing all threads), id 0xc0000005, EXCEPTION_ACCESS_VIOLATION (0xc0000005) at pc=0x00007ffec7fa44d7]

VM state: not at safepoint (not fully initialized)

VM Mutex/Monitor currently owned by a thread:  ([mutex/lock_event])
[0x000001cd20deb1f0] Heap_lock - owner thread: 0x000001cd20ded370

Heap address: 0x0000000701e00000, size: 4066 MB, Compressed Oops mode: Zero based, Oop shift amount: 3

CDS archive(s) mapped at: [0x0000000000000000-0x0000000000000000-0x0000000000000000), size 0, SharedBaseAddress: 0x0000000800000000, ArchiveRelocationMode: 0.
Narrow klass base: 0x0000000000000000, Narrow klass shift: 0, Narrow klass range: 0x0

GC Precious Log:
<Empty>

Heap:
 garbage-first heap   total 0K, used 0K [0x0000000701e00000, 0x0000000800000000)
  region size 2048K, 0 young (0K), 0 survivors (0K)

[error occurred during error reporting (printing heap information), id 0xc0000005, EXCEPTION_ACCESS_VIOLATION (0xc0000005) at pc=0x00007ffec83824ed]

GC Heap History (0 events):
No events

Deoptimization events (0 events):
No events

Classes unloaded (0 events):
No events

Classes redefined (0 events):
No events

Internal exceptions (0 events):
No events

Events (1 events):
Event: 0.009 Loaded shared library C:\Users\Zixiang\Downloads\eclipse-java-2021-06-R-win32-x86_64\eclipse\plugins\org.eclipse.justj.openjdk.hotspot.jre.full.win32.x86_64_16.0.1.v20210528-1205\jre\bin\java.dll


Dynamic libraries:
0x00007ff6b03b0000 - 0x00007ff6b03be000 	C:\Users\Zixiang\Downloads\eclipse-java-2021-06-R-win32-x86_64\eclipse\plugins\org.eclipse.justj.openjdk.hotspot.jre.full.win32.x86_64_16.0.1.v20210528-1205\jre\bin\javaw.exe
0x00007fff462b0000 - 0x00007fff464a5000 	C:\WINDOWS\SYSTEM32\ntdll.dll
0x00007fff2cd40000 - 0x00007fff2cd55000 	C:\Program Files\AVG\Antivirus\aswhook.dll
0x00007fff44670000 - 0x00007fff4472e000 	C:\WINDOWS\System32\KERNEL32.DLL
0x00007fff43d70000 - 0x00007fff44039000 	C:\WINDOWS\System32\KERNELBASE.dll
0x00007fff44200000 - 0x00007fff44300000 	C:\WINDOWS\System32\ucrtbase.dll
0x00007fff3bd50000 - 0x00007fff3bd68000 	C:\Users\Zixiang\Downloads\eclipse-java-2021-06-R-win32-x86_64\eclipse\plugins\org.eclipse.justj.openjdk.hotspot.jre.full.win32.x86_64_16.0.1.v20210528-1205\jre\bin\jli.dll
0x00007fff3bd00000 - 0x00007fff3bd19000 	C:\Users\Zixiang\Downloads\eclipse-java-2021-06-R-win32-x86_64\eclipse\plugins\org.eclipse.justj.openjdk.hotspot.jre.full.win32.x86_64_16.0.1.v20210528-1205\jre\bin\VCRUNTIME140.dll
0x00007fff460c0000 - 0x00007fff46261000 	C:\WINDOWS\System32\USER32.dll
0x00007fff44150000 - 0x00007fff44172000 	C:\WINDOWS\System32\win32u.dll
0x00007fff445b0000 - 0x00007fff445db000 	C:\WINDOWS\System32\GDI32.dll
0x00007fff39c90000 - 0x00007fff39f2a000 	C:\WINDOWS\WinSxS\amd64_microsoft.windows.common-controls_6595b64144ccf1df_6.0.19041.1110_none_60b5254171f9507e\COMCTL32.dll
0x00007fff44040000 - 0x00007fff4414b000 	C:\WINDOWS\System32\gdi32full.dll
0x00007fff44e50000 - 0x00007fff44eee000 	C:\WINDOWS\System32\msvcrt.dll
0x00007fff43c40000 - 0x00007fff43cdd000 	C:\WINDOWS\System32\msvcp_win.dll
0x00007fff44400000 - 0x00007fff44430000 	C:\WINDOWS\System32\IMM32.DLL
0x00007fff3d6c0000 - 0x00007fff3d6cc000 	C:\Users\Zixiang\Downloads\eclipse-java-2021-06-R-win32-x86_64\eclipse\plugins\org.eclipse.justj.openjdk.hotspot.jre.full.win32.x86_64_16.0.1.v20210528-1205\jre\bin\vcruntime140_1.dll
0x00007fff38c30000 - 0x00007fff38cc1000 	C:\Users\Zixiang\Downloads\eclipse-java-2021-06-R-win32-x86_64\eclipse\plugins\org.eclipse.justj.openjdk.hotspot.jre.full.win32.x86_64_16.0.1.v20210528-1205\jre\bin\msvcp140.dll
0x00007ffec7cc0000 - 0x00007ffec886b000 	C:\Users\Zixiang\Downloads\eclipse-java-2021-06-R-win32-x86_64\eclipse\plugins\org.eclipse.justj.openjdk.hotspot.jre.full.win32.x86_64_16.0.1.v20210528-1205\jre\bin\server\jvm.dll
0x00007fff45b90000 - 0x00007fff45c3c000 	C:\WINDOWS\System32\ADVAPI32.dll
0x00007fff44300000 - 0x00007fff4439b000 	C:\WINDOWS\System32\sechost.dll
0x00007fff44bd0000 - 0x00007fff44cfa000 	C:\WINDOWS\System32\RPCRT4.dll
0x00007fff44bc0000 - 0x00007fff44bc8000 	C:\WINDOWS\System32\PSAPI.DLL
0x00007fff39ba0000 - 0x00007fff39bc7000 	C:\WINDOWS\SYSTEM32\WINMM.dll
0x00007fff381b0000 - 0x00007fff381b9000 	C:\WINDOWS\SYSTEM32\WSOCK32.dll
0x00007fff44730000 - 0x00007fff4479b000 	C:\WINDOWS\System32\WS2_32.dll
0x00007fff3d960000 - 0x00007fff3d96a000 	C:\WINDOWS\SYSTEM32\VERSION.dll
0x00007fff41ab0000 - 0x00007fff41ac2000 	C:\WINDOWS\SYSTEM32\kernel.appcore.dll
0x00007fff3d6b0000 - 0x00007fff3d6ba000 	C:\Users\Zixiang\Downloads\eclipse-java-2021-06-R-win32-x86_64\eclipse\plugins\org.eclipse.justj.openjdk.hotspot.jre.full.win32.x86_64_16.0.1.v20210528-1205\jre\bin\jimage.dll
0x00007fff408c0000 - 0x00007fff40aa4000 	C:\WINDOWS\SYSTEM32\DBGHELP.DLL
0x00007fff3c460000 - 0x00007fff3c48c000 	C:\WINDOWS\SYSTEM32\dbgcore.DLL
0x00007fff43ce0000 - 0x00007fff43d63000 	C:\WINDOWS\System32\bcryptPrimitives.dll
0x00007fff2c180000 - 0x00007fff2c1a5000 	C:\Users\Zixiang\Downloads\eclipse-java-2021-06-R-win32-x86_64\eclipse\plugins\org.eclipse.justj.openjdk.hotspot.jre.full.win32.x86_64_16.0.1.v20210528-1205\jre\bin\java.dll

dbghelp: loaded successfully - version: 4.0.5 - missing functions: none
symbol engine: initialized successfully - sym options: 0x614 - pdb path: .;C:\Users\Zixiang\Downloads\eclipse-java-2021-06-R-win32-x86_64\eclipse\plugins\org.eclipse.justj.openjdk.hotspot.jre.full.win32.x86_64_16.0.1.v20210528-1205\jre\bin;C:\WINDOWS\SYSTEM32;C:\Program Files\AVG\Antivirus;C:\WINDOWS\WinSxS\amd64_microsoft.windows.common-controls_6595b64144ccf1df_6.0.19041.1110_none_60b5254171f9507e;C:\Users\Zixiang\Downloads\eclipse-java-2021-06-R-win32-x86_64\eclipse\plugins\org.eclipse.justj.openjdk.hotspot.jre.full.win32.x86_64_16.0.1.v20210528-1205\jre\bin\server

VM Arguments:
jvm_args: -ea -Dfile.encoding=Cp1252 -XX:+ShowCodeDetailsInExceptionMessages 
java_command: org.testng.remote.RemoteTestNG -serport 56864 -protocol json -d C:\Users\Zixiang\eclipse-workspace\HelloWorld\Assessment_1\test-output C:\Users\Zixiang\AppData\Local\Temp\testng-eclipse--2001317104\testng-customsuite.xml
java_class_path (initial): C:\Users\Zixiang\Downloads\eclipse-java-2021-06-R-win32-x86_64\eclipse\configuration\org.eclipse.osgi\442\0\.cp\lib\testng-remote.jar;C:\Users\Zixiang\eclipse-workspace\HelloWorld\Assessment_1\target\test-classes;C:\Users\Zixiang\eclipse-workspace\HelloWorld\Assessment_1\target\classes;C:\Users\Zixiang\Downloads\eclipse-java-2021-06-R-win32-x86_64\eclipse\plugins\org.testng_7.4.0.r202105021533.jar;C:\Users\Zixiang\Downloads\eclipse-java-2021-06-R-win32-x86_64\eclipse\plugins\com.beust.jcommander_1.78.0.jar;C:\Users\Zixiang\Downloads\eclipse-java-2021-06-R-win32-x86_64\eclipse\plugins\org.apache-extras.beanshell.bsh_2.0.0.b6.jar;C:\Users\Zixiang\Downloads\eclipse-java-2021-06-R-win32-x86_64\eclipse\plugins\org.yaml.snakeyaml_1.21.0.jar;C:\Users\Zixiang\Downloads\eclipse-java-2021-06-R-win32-x86_64\eclipse\plugins\org.webjars.jquery_3.5.1.jar;C:\Users\Zixiang\.m2\repository\org\seleniumhq\selenium\selenium-java\3.141.59\selenium-java-3.141.59.jar;C:\Users\Zixiang\.m2\repository\org\seleniumhq\selenium\selenium-api\3.141.59\selenium-api-3.141.59.jar;C:\Users\Zixiang\.m2\repository\org\seleniumhq\selenium\selenium-chrome-driver\3.141.59\selenium-chrome-driver-3.141.59.jar;C:\Users\Zixiang\.m2\repository\org\seleniumhq\selenium\selenium-edge-driver\3.141.59\selenium-edge-driver-3.141.59.jar;C:\Users\Zixiang\.m2\repository\org\seleniumhq\selenium\selenium-firefox-driver\3.141.59\selenium-firefox-driver-3.141.59.jar;C:\Users\Zixiang\.m2\repository\org\seleniumhq\selenium\selenium-ie-driver\3.141.59\selenium-ie-driver-3.141.59.jar;C:\Users\Zixiang\.m2\repository\org\seleniumhq\selenium\selenium-opera-driver\3.141.59\selenium-opera-driver-3.141.59.jar;C:\Users\Zixiang\.m2\repository\org\seleniumhq\selenium\selenium-remote-driver\3.141.59\selenium-remote-driver-3.141.59.jar;C:\Users\Zixiang\.m2\repository\org\seleniumhq\selenium\selenium-safari-driver\3.141.59\selenium-safari-driver-3.141.59.jar;C:\Users\Zixiang\.m2\repository\org\seleniumhq\selen
Launcher Type: SUN_STANDARD

[Global flags]
     intx CICompilerCount                          = 3                                         {product} {ergonomic}
     uint ConcGCThreads                            = 1                                         {product} {ergonomic}
     uint G1ConcRefinementThreads                  = 4                                         {product} {ergonomic}
   size_t G1HeapRegionSize                         = 2097152                                   {product} {ergonomic}
    uintx GCDrainStackTargetSize                   = 64                                        {product} {ergonomic}
   size_t InitialHeapSize                          = 268435456                                 {product} {ergonomic}
   size_t MarkStackSize                            = 4194304                                   {product} {ergonomic}
   size_t MaxHeapSize                              = 4263510016                                {product} {ergonomic}
   size_t MinHeapDeltaBytes                        = 2097152                                   {product} {ergonomic}
   size_t MinHeapSize                              = 8388608                                   {product} {ergonomic}
    uintx NonNMethodCodeHeapSize                   = 5832780                                {pd product} {ergonomic}
    uintx NonProfiledCodeHeapSize                  = 122912730                              {pd product} {ergonomic}
    uintx ProfiledCodeHeapSize                     = 122912730                              {pd product} {ergonomic}
    uintx ReservedCodeCacheSize                    = 251658240                              {pd product} {ergonomic}
     bool SegmentedCodeCache                       = true                                      {product} {ergonomic}
     bool ShowCodeDetailsInExceptionMessages       = true                                   {manageable} {command line}
   size_t SoftMaxHeapSize                          = 4263510016                             {manageable} {ergonomic}
     bool UseCompressedClassPointers               = true                           {product lp64_product} {ergonomic}
     bool UseCompressedOops                        = true                           {product lp64_product} {ergonomic}
     bool UseG1GC                                  = true                                      {product} {ergonomic}
     bool UseLargePagesIndividualAllocation        = false                                  {pd product} {ergonomic}

Logging:
Log output configuration:
 #0: stdout all=warning uptime,level,tags
 #1: stderr all=off uptime,level,tags

Environment Variables:
PATH=C:/Users/Zixiang/Downloads/eclipse-java-2021-06-R-win32-x86_64/eclipse//plugins/org.eclipse.justj.openjdk.hotspot.jre.full.win32.x86_64_16.0.1.v20210528-1205/jre/bin/server;C:/Users/Zixiang/Downloads/eclipse-java-2021-06-R-win32-x86_64/eclipse//plugins/org.eclipse.justj.openjdk.hotspot.jre.full.win32.x86_64_16.0.1.v20210528-1205/jre/bin;C:\Program Files (x86)\Common Files\Oracle\Java\javapath;C:\WINDOWS\system32;C:\WINDOWS;C:\WINDOWS\System32\Wbem;C:\WINDOWS\System32\WindowsPowerShell\v1.0\;C:\WINDOWS\System32\OpenSSH\;C:\Program Files\Git\cmd;C:\Program Files (x86)\sbt\bin;C:\Program Files (x86)\scala\bin;C:\Program Files (x86)\Java\jre1.8.0_221\bin;C:\Program Files\Java\jdk1.8.0_231\bin;C:\Program Files\Amazon\AWSCLI\bin\;C:\Program Files\Microsoft SQL Server\Client SDK\ODBC\130\Tools\Binn\;C:\Program Files (x86)\Microsoft SQL Server\140\Tools\Binn\;C:\Program Files\Microsoft SQL Server\140\Tools\Binn\;C:\Program Files\Microsoft SQL Server\140\DTS\Binn\;C:\Program Files (x86)\Microsoft SQL Server\150\DTS\Binn\;C:\Program Files\dart-sass-1.22.12-windows-x64\dart-sass;C:\SeleniumDriver\geckodriver.exe;C:\SeleniumDriver\chromedriver.exe;C:\Katalon_Studio_Windows_64-7.7.2\katalon.exe;C:\Users\Zixiang\Anaconda3;C:\Users\Zixiang\Anaconda3\Library\mingw-w64\bin;C:\Users\Zixiang\Anaconda3\Library\usr\bin;C:\Users\Zixiang\Anaconda3\Library\bin;C:\Users\Zixiang\Anaconda3\Scripts;C:\Ruby26-x64\bin;C:\Program Files\MySQL\MySQL Shell 8.0\bin\;C:\Program Files\JetBrains\PyCharm Community Edition with Anaconda plugin 2020.1.3\bin;;C:\Users\Zixiang\AppData\Local\Microsoft\WindowsApps;C:\apache-jmeter-5.3\bin;C:\Program Files (x86)\apache-maven-3.6.3\bin;C:\Users\Zixiang\Desktop\webdriver\chromedriver.exe;C:\Program Files\JetBrains\IntelliJ IDEA Community Edition 2020.2.2\bin;;C:\Katalon_Studio_Windows_64-7.7.2;;C:\Users\Zixiang\Downloads\eclipse-java-2021-06-R-win32-x86_64\eclipse;
USERNAME=Zixiang
OS=Windows_NT
PROCESSOR_IDENTIFIER=Intel64 Family 6 Model 142 Stepping 9, GenuineIntel



---------------  S Y S T E M  ---------------

OS:
 Windows 10 , 64 bit Build 19041 (10.0.19041.1202)
OS uptime: 4 days 19:07 hours

CPU: total 4 (initial active 4) (2 cores per cpu, 2 threads per core) family 6 model 142 stepping 9 microcode 0xb4, cx8, cmov, fxsr, ht, mmx, 3dnowpref, sse, sse2, sse3, ssse3, sse4.1, sse4.2, popcnt, lzcnt, tsc, tscinvbit, avx, avx2, aes, erms, clmul, bmi1, bmi2, rtm, adx, fma, vzeroupper, clflush, clflushopt

Memory: 4k page, system-wide physical 16262M (1677M free)
TotalPageFile size 25262M (AvailPageFile size 153M)
current process WorkingSet (physical memory assigned to process): 10M, peak: 10M
current process commit charge ("private bytes"): 51M, peak: 307M

vm_info: OpenJDK 64-Bit Server VM (16.0.1+9-24) for windows-amd64 JRE (16.0.1+9-24), built on Mar 26 2021 19:30:07 by "mach5one" with MS VC++ 16.7 (VS2019)

END.
